[2026-06-05 04:06:30,455: INFO: common: yaml file: config\config.yaml loaded successfully]
[2026-06-05 04:06:30,491: INFO: common: yaml file: params.yaml loaded successfully]
[2026-06-05 04:06:30,494: INFO: common: created directory at: artifacts]
[2026-06-08 03:19:50,130: ERROR: 3722978726: ❌ Error in data ingestion pipeline: [Errno 2] No such file or directory: 'config\\config.yaml']
[2026-06-08 03:33:22,414: ERROR: 3722978726: ❌ Error in data ingestion pipeline: [Errno 2] No such file or directory: 'config\\config.yaml']
[2026-06-08 03:59:00,440: ERROR: 3722978726: ❌ Error in data ingestion pipeline: [Errno 2] No such file or directory: 'config\\config.yaml']
[2026-06-08 05:12:46,155: ERROR: 2413268986: ❌ Error in data ingestion pipeline: [Errno 2] No such file or directory: 'config\\config.yaml']
[2026-06-09 02:16:38,451: ERROR: 2413268986: ❌ Error in data ingestion pipeline: [Errno 2] No such file or directory: 'config\\config.yaml']
[2026-06-11 02:05:03,286: INFO: common: yaml file: config\config.yaml loaded successfully]
[2026-06-11 02:05:03,388: INFO: common: yaml file: params.yaml loaded successfully]
[2026-06-11 02:05:03,392: INFO: common: created directory at: artifacts]
[2026-06-11 02:05:03,397: INFO: common: created directory at: artifacts/data_ingestion]
[2026-06-11 02:05:03,399: INFO: data_ingestion: Downloading data from C:\Users\LENOVO\Kidney-Disease-Classification-DL-Project-DVC\kidney.zip into file artifacts/data_ingestion/data.zip]
[2026-06-11 02:06:57,793: INFO: common: yaml file: config\config.yaml loaded successfully]
[2026-06-11 02:06:57,801: INFO: common: yaml file: params.yaml loaded successfully]
[2026-06-11 02:06:57,804: INFO: common: created directory at: artifacts]
[2026-06-11 02:06:57,807: INFO: common: created directory at: artifacts/data_ingestion]
[2026-06-11 02:06:57,809: INFO: data_ingestion: Downloading data from C:\Users\LENOVO\Kidney-Disease-Classification-DL-Project-DVC\kidney.zip into file artifacts/data_ingestion/data.zip]
[2026-06-11 02:10:48,460: INFO: common: yaml file: config\config.yaml loaded successfully]
[2026-06-11 02:10:48,463: INFO: common: yaml file: params.yaml loaded successfully]
[2026-06-11 02:10:48,465: INFO: common: created directory at: artifacts]
[2026-06-11 02:10:48,468: INFO: common: created directory at: artifacts/data_ingestion]
[2026-06-11 02:10:48,470: INFO: data_ingestion: Downloading data from C:\Users\LENOVO\Kidney-Disease-Classification-DL-Project-DVC\kidney.zip into file artifacts/data_ingestion/data.zip]
[2026-06-11 02:11:28,889: INFO: common: yaml file: C:\Users\LENOVO\Kidney-Disease-Classification-DL-Project-DVC\config\config.yaml loaded successfully]
[2026-06-11 02:11:28,893: INFO: common: yaml file: C:\Users\LENOVO\Kidney-Disease-Classification-DL-Project-DVC\params.yaml loaded successfully]
[2026-06-11 02:11:28,895: INFO: common: created directory at: artifacts]
[2026-06-11 02:11:28,896: INFO: common: created directory at: artifacts/data_ingestion]
[2026-06-11 02:11:28,897: INFO: data_ingestion: Copying data from C:\Users\LENOVO\Kidney-Disease-Classification-DL-Project-DVC\kidney.zip to artifacts\data_ingestion\data.zip]
[2026-06-11 02:11:28,898: INFO: data_ingestion: File already exists at: artifacts\data_ingestion\data.zip]
[2026-06-11 02:11:28,900: INFO: data_ingestion: Extracting artifacts\data_ingestion\data.zip to artifacts\data_ingestion]
[2026-06-11 02:11:30,803: INFO: data_ingestion: Extraction completed successfully!]
[2026-06-11 03:45:47,414: INFO: common: yaml file: C:\Users\LENOVO\Kidney-Disease-Classification-DL-Project-DVC\config\config.yaml loaded successfully]
[2026-06-11 03:45:47,421: INFO: common: yaml file: C:\Users\LENOVO\Kidney-Disease-Classification-DL-Project-DVC\params.yaml loaded successfully]
[2026-06-11 03:45:47,423: INFO: common: created directory at: artifacts]
[2026-06-11 03:45:47,424: INFO: common: created directory at: artifacts/data_ingestion]
[2026-06-11 03:45:47,427: INFO: data_ingestion: Copying data from C:\Users\LENOVO\Kidney-Disease-Classification-DL-Project-DVC\kidney.zip to artifacts\data_ingestion\data.zip]
[2026-06-11 03:45:47,429: INFO: data_ingestion: File already exists at: artifacts\data_ingestion\data.zip]
[2026-06-11 03:45:47,433: INFO: data_ingestion: Extracting artifacts\data_ingestion\data.zip to artifacts\data_ingestion]
[2026-06-11 03:45:48,895: INFO: data_ingestion: Extraction completed successfully!]
[2026-06-11 04:20:04,959: INFO: common: yaml file: C:\Users\LENOVO\Kidney-Disease-Classification-DL-Project-DVC\config\config.yaml loaded successfully]
[2026-06-11 04:20:04,962: INFO: common: yaml file: C:\Users\LENOVO\Kidney-Disease-Classification-DL-Project-DVC\params.yaml loaded successfully]
[2026-06-11 04:20:04,964: INFO: common: created directory at: artifacts]
[2026-06-11 04:20:04,965: INFO: common: created directory at: artifacts/data_ingestion]
[2026-06-11 04:20:04,967: INFO: data_ingestion: Copying data from C:\Users\LENOVO\Kidney-Disease-Classification-DL-Project-DVC\kidney.zip to artifacts\data_ingestion\data.zip]
[2026-06-11 04:20:04,968: INFO: data_ingestion: File already exists at: artifacts\data_ingestion\data.zip]
[2026-06-11 04:20:04,970: INFO: data_ingestion: Extracting artifacts\data_ingestion\data.zip to artifacts\data_ingestion]
[2026-06-11 04:20:06,620: INFO: data_ingestion: Extraction completed successfully!]
